c:\users\nash\documents\visual studio 2015\projects\sorting\sorting\debug\vc140.pdb
c:\users\nash\documents\visual studio 2015\projects\sorting\sorting\debug\vc140.idb
c:\users\nash\documents\visual studio 2015\projects\sorting\sorting\debug\bubblesort.obj
c:\users\nash\documents\visual studio 2015\projects\sorting\sorting\debug\combsort.obj
c:\users\nash\documents\visual studio 2015\projects\sorting\sorting\debug\countingsort.obj
c:\users\nash\documents\visual studio 2015\projects\sorting\sorting\debug\heapsort.obj
c:\users\nash\documents\visual studio 2015\projects\sorting\sorting\debug\hello.obj
c:\users\nash\documents\visual studio 2015\projects\sorting\sorting\debug\insertionsort.obj
c:\users\nash\documents\visual studio 2015\projects\sorting\sorting\debug\introsort.obj
c:\users\nash\documents\visual studio 2015\projects\sorting\sorting\debug\mergesort.obj
c:\users\nash\documents\visual studio 2015\projects\sorting\sorting\debug\quicksort.obj
c:\users\nash\documents\visual studio 2015\projects\sorting\sorting\debug\radixsort.obj
c:\users\nash\documents\visual studio 2015\projects\sorting\sorting\debug\selectionsort.obj
c:\users\nash\documents\visual studio 2015\projects\sorting\sorting\debug\shellsort.obj
c:\users\nash\documents\visual studio 2015\projects\sorting\sorting\debug\windowsstopwatch.obj
c:\users\nash\documents\visual studio 2015\projects\sorting\debug\sorting.ilk
c:\users\nash\documents\visual studio 2015\projects\sorting\debug\sorting.exe
c:\users\nash\documents\visual studio 2015\projects\sorting\debug\sorting.pdb
c:\users\nash\documents\visual studio 2015\projects\sorting\sorting\debug\sorting.tlog\cl.command.1.tlog
c:\users\nash\documents\visual studio 2015\projects\sorting\sorting\debug\sorting.tlog\cl.read.1.tlog
c:\users\nash\documents\visual studio 2015\projects\sorting\sorting\debug\sorting.tlog\cl.write.1.tlog
c:\users\nash\documents\visual studio 2015\projects\sorting\sorting\debug\sorting.tlog\link.command.1.tlog
c:\users\nash\documents\visual studio 2015\projects\sorting\sorting\debug\sorting.tlog\link.read.1.tlog
c:\users\nash\documents\visual studio 2015\projects\sorting\sorting\debug\sorting.tlog\link.write.1.tlog
