  Trie_dict.cpp
  test.cpp
c:\users\nash\documents\visual studio 2015\projects\project3\project3\test.cpp(89): warning C4018: '<': signed/unsigned mismatch
c:\users\nash\documents\visual studio 2015\projects\project3\project3\test.cpp(94): warning C4018: '<': signed/unsigned mismatch
c:\users\nash\documents\visual studio 2015\projects\project3\project3\test.cpp(96): warning C4018: '<': signed/unsigned mismatch
c:\users\nash\documents\visual studio 2015\projects\project3\project3\test.cpp(112): warning C4018: '<': signed/unsigned mismatch
c:\users\nash\documents\visual studio 2015\projects\project3\project3\test.cpp(117): warning C4018: '<': signed/unsigned mismatch
c:\users\nash\documents\visual studio 2015\projects\project3\project3\test.cpp(119): warning C4018: '<': signed/unsigned mismatch
c:\users\nash\documents\visual studio 2015\projects\project3\project3\test.cpp(159): warning C4018: '<': signed/unsigned mismatch
c:\users\nash\documents\visual studio 2015\projects\project3\project3\test.cpp(197): warning C4018: '<': signed/unsigned mismatch
c:\users\nash\documents\visual studio 2015\projects\project3\project3\test.cpp(202): warning C4018: '<': signed/unsigned mismatch
c:\users\nash\documents\visual studio 2015\projects\project3\project3\test.cpp(204): warning C4018: '<': signed/unsigned mismatch
c:\users\nash\documents\visual studio 2015\projects\project3\project3\test.cpp(220): warning C4018: '<': signed/unsigned mismatch
c:\users\nash\documents\visual studio 2015\projects\project3\project3\test.cpp(225): warning C4018: '<': signed/unsigned mismatch
c:\users\nash\documents\visual studio 2015\projects\project3\project3\test.cpp(227): warning C4018: '<': signed/unsigned mismatch
c:\users\nash\documents\visual studio 2015\projects\project3\project3\test.cpp(247): warning C4018: '<': signed/unsigned mismatch
  Spell_Check.cpp
c:\users\nash\documents\visual studio 2015\projects\project3\project3\spell_check\spell_check.cpp(8): warning C4018: '<': signed/unsigned mismatch
c:\users\nash\documents\visual studio 2015\projects\project3\project3\spell_check\spell_check.cpp(29): warning C4018: '<=': signed/unsigned mismatch
c:\users\nash\documents\visual studio 2015\projects\project3\project3\spell_check\spell_check.cpp(48): warning C4018: '<': signed/unsigned mismatch
  Doc_Retev.cpp
c:\users\nash\documents\visual studio 2015\projects\project3\project3\doc_retev\doc_retev.cpp(23): warning C4018: '<': signed/unsigned mismatch
c:\users\nash\documents\visual studio 2015\projects\project3\project3\doc_retev\doc_retev.cpp(58): warning C4018: '<': signed/unsigned mismatch
  Generating Code...
  Project3.vcxproj -> C:\Users\nash\documents\visual studio 2015\Projects\Project3\Debug\Project3.exe
  Project3.vcxproj -> C:\Users\nash\documents\visual studio 2015\Projects\Project3\Debug\Project3.pdb (Partial PDB)
